c:\users\arms\documents\github_nano_dev\nano\libaln\win32\libalnmt\libaln.pdb
c:\users\arms\documents\github_nano_dev\nano\libaln\win32\libalnmt\alnmem.obj
c:\users\arms\documents\github_nano_dev\nano\libaln\win32\libalnmt\alnlfnanalysis.obj
c:\users\arms\documents\github_nano_dev\nano\libaln\win32\libalnmt\alnio.obj
c:\users\arms\documents\github_nano_dev\nano\libaln\win32\libalnmt\alninvert.obj
c:\users\arms\documents\github_nano_dev\nano\libaln\win32\libalnmt\alnfitdeepsetup.obj
c:\users\arms\documents\github_nano_dev\nano\libaln\win32\libalnmt\alnex.obj
c:\users\arms\documents\github_nano_dev\nano\libaln\win32\libalnmt\alneval.obj
c:\users\arms\documents\github_nano_dev\nano\libaln\win32\libalnmt\alnconvertdtree.obj
c:\users\arms\documents\github_nano_dev\nano\libaln\win32\libalnmt\alnconfidencetlimit.obj
c:\users\arms\documents\github_nano_dev\nano\libaln\win32\libalnmt\alnconfidenceplimit.obj
c:\users\arms\documents\github_nano_dev\nano\libaln\win32\libalnmt\alncalcrmserror.obj
c:\users\arms\documents\github_nano_dev\nano\libaln\win32\libalnmt\alncalcconfidence.obj
c:\users\arms\documents\github_nano_dev\nano\libaln\win32\libalnmt\alnasert.obj
c:\users\arms\documents\github_nano_dev\nano\libaln\win32\libalnmt\alnaddtreestring.obj
c:\users\arms\documents\github_nano_dev\nano\libaln\win32\libalnmt\alnabort.obj
c:\users\arms\documents\github_nano_dev\nano\libaln\win32\libalnmt\alloccolumnbase.obj
c:\users\arms\documents\github_nano_dev\nano\libaln\win32\libalnmt\adaptminmax.obj
c:\users\arms\documents\github_nano_dev\nano\libaln\win32\libalnmt\adaptlfn.obj
c:\users\arms\documents\github_nano_dev\nano\libaln\win32\libalnmt\adaptevallfn.obj
c:\users\arms\documents\github_nano_dev\nano\libaln\win32\libalnmt\adapteval.obj
c:\users\arms\documents\github_nano_dev\nano\libaln\win32\libalnmt\fillinputvector.obj
c:\users\arms\documents\github_nano_dev\nano\libaln\win32\libalnmt\evaltree.obj
c:\users\arms\documents\github_nano_dev\nano\libaln\win32\libalnmt\debugevalminmax.obj
c:\users\arms\documents\github_nano_dev\nano\libaln\win32\libalnmt\cutoffevalminmax.obj
c:\users\arms\documents\github_nano_dev\nano\libaln\win32\libalnmt\cutoffevallfn.obj
c:\users\arms\documents\github_nano_dev\nano\libaln\win32\libalnmt\cutoffeval.obj
c:\users\arms\documents\github_nano_dev\nano\libaln\win32\libalnmt\cutoff.obj
c:\users\arms\documents\github_nano_dev\nano\libaln\win32\libalnmt\countlfns.obj
c:\users\arms\documents\github_nano_dev\nano\libaln\win32\libalnmt\calcdataendpoints.obj
c:\users\arms\documents\github_nano_dev\nano\libaln\win32\libalnmt\calccovariance.obj
c:\users\arms\documents\github_nano_dev\nano\libaln\win32\libalnmt\calcactivechild.obj
c:\users\arms\documents\github_nano_dev\nano\libaln\win32\libalnmt\builddtree.obj
c:\users\arms\documents\github_nano_dev\nano\libaln\win32\libalnmt\buildcutoffroute.obj
c:\users\arms\documents\github_nano_dev\nano\libaln\win32\libalnmt\adaptevalminmax.obj
c:\users\arms\documents\github_nano_dev\nano\libaln\win32\libalnmt\alnvarmono.obj
c:\users\arms\documents\github_nano_dev\nano\libaln\win32\libalnmt\alntrain.obj
c:\users\arms\documents\github_nano_dev\nano\libaln\win32\libalnmt\alntrace.obj
c:\users\arms\documents\github_nano_dev\nano\libaln\win32\libalnmt\alntestvalid.obj
c:\users\arms\documents\github_nano_dev\nano\libaln\win32\libalnmt\alnrand.obj
c:\users\arms\documents\github_nano_dev\nano\libaln\win32\libalnmt\alnquickeval.obj
c:\users\arms\documents\github_nano_dev\nano\libaln\win32\libalnmt\validatedatainfo.obj
c:\users\arms\documents\github_nano_dev\nano\libaln\win32\libalnmt\train_ops.obj
c:\users\arms\documents\github_nano_dev\nano\libaln\win32\libalnmt\split_ops.obj
c:\users\arms\documents\github_nano_dev\nano\libaln\win32\libalnmt\shuffle.obj
c:\users\arms\documents\github_nano_dev\nano\libaln\win32\libalnmt\prepaln.obj
c:\users\arms\documents\github_nano_dev\nano\libaln\win32\libalnmt\plimit.obj
c:\users\arms\documents\github_nano_dev\nano\libaln\win32\libalnmt\jitter.obj
c:\users\arms\documents\github_nano_dev\nano\libaln\win32\libalnmt\initlfns.obj
c:\users\arms\documents\github_nano_dev\nano\libaln\win32\libalnmt\getvarconstraint.obj
c:\users\arms\documents\github_nano_dev\nano\libaln\win32\libalnmt\freecolumnbase.obj
c:\users\arms\documents\github_nano_dev\nano\libaln\win32\libalnmt\dtr_mem.obj
c:\users\arms\documents\github_nano_dev\nano\libaln\win32\libalnmt\dtr_io.obj
c:\users\arms\documents\github_nano_dev\nano\libaln\win32\libalnmt\dtr_err.obj
c:\users\arms\documents\github_nano_dev\nano\libaln\win32\libalnmt\dtr_bio.obj
c:\users\arms\documents\github_nano_dev\nano\libaln\win32\libalnmt\dtree.obj
c:\users\arms\documents\github_nano_dev\nano\libaln\win32\lib\libalnmt.lib
c:\users\arms\documents\github_nano_dev\nano\libaln\x64\libalnmt\adapteval.obj
c:\users\arms\documents\github_nano_dev\nano\libaln\x64\libalnmt\adaptevallfn.obj
c:\users\arms\documents\github_nano_dev\nano\libaln\x64\libalnmt\adaptevalminmax.obj
c:\users\arms\documents\github_nano_dev\nano\libaln\x64\libalnmt\adaptlfn.obj
c:\users\arms\documents\github_nano_dev\nano\libaln\x64\libalnmt\adaptminmax.obj
c:\users\arms\documents\github_nano_dev\nano\libaln\x64\libalnmt\alloccolumnbase.obj
c:\users\arms\documents\github_nano_dev\nano\libaln\x64\libalnmt\alnabort.obj
c:\users\arms\documents\github_nano_dev\nano\libaln\x64\libalnmt\alnaddtreestring.obj
c:\users\arms\documents\github_nano_dev\nano\libaln\x64\libalnmt\alnasert.obj
c:\users\arms\documents\github_nano_dev\nano\libaln\x64\libalnmt\alncalcconfidence.obj
c:\users\arms\documents\github_nano_dev\nano\libaln\x64\libalnmt\alncalcrmserror.obj
c:\users\arms\documents\github_nano_dev\nano\libaln\x64\libalnmt\alnconfidenceplimit.obj
c:\users\arms\documents\github_nano_dev\nano\libaln\x64\libalnmt\alnconfidencetlimit.obj
c:\users\arms\documents\github_nano_dev\nano\libaln\x64\libalnmt\alnconvertdtree.obj
c:\users\arms\documents\github_nano_dev\nano\libaln\x64\libalnmt\alneval.obj
c:\users\arms\documents\github_nano_dev\nano\libaln\x64\libalnmt\alnex.obj
c:\users\arms\documents\github_nano_dev\nano\libaln\x64\libalnmt\alnfitdeepsetup.obj
c:\users\arms\documents\github_nano_dev\nano\libaln\x64\libalnmt\alninvert.obj
c:\users\arms\documents\github_nano_dev\nano\libaln\x64\libalnmt\alnio.obj
c:\users\arms\documents\github_nano_dev\nano\libaln\x64\libalnmt\alnlfnanalysis.obj
c:\users\arms\documents\github_nano_dev\nano\libaln\x64\libalnmt\alnmem.obj
c:\users\arms\documents\github_nano_dev\nano\libaln\x64\libalnmt\alnquickeval.obj
c:\users\arms\documents\github_nano_dev\nano\libaln\x64\libalnmt\alnrand.obj
c:\users\arms\documents\github_nano_dev\nano\libaln\x64\libalnmt\alntestvalid.obj
c:\users\arms\documents\github_nano_dev\nano\libaln\x64\libalnmt\alntrace.obj
c:\users\arms\documents\github_nano_dev\nano\libaln\x64\libalnmt\alntrain.obj
c:\users\arms\documents\github_nano_dev\nano\libaln\x64\libalnmt\alnvarmono.obj
c:\users\arms\documents\github_nano_dev\nano\libaln\x64\libalnmt\buildcutoffroute.obj
c:\users\arms\documents\github_nano_dev\nano\libaln\x64\libalnmt\builddtree.obj
c:\users\arms\documents\github_nano_dev\nano\libaln\x64\libalnmt\calcactivechild.obj
c:\users\arms\documents\github_nano_dev\nano\libaln\x64\libalnmt\calccovariance.obj
c:\users\arms\documents\github_nano_dev\nano\libaln\x64\libalnmt\calcdataendpoints.obj
c:\users\arms\documents\github_nano_dev\nano\libaln\x64\libalnmt\countlfns.obj
c:\users\arms\documents\github_nano_dev\nano\libaln\x64\libalnmt\cutoff.obj
c:\users\arms\documents\github_nano_dev\nano\libaln\x64\libalnmt\cutoffeval.obj
c:\users\arms\documents\github_nano_dev\nano\libaln\x64\libalnmt\cutoffevallfn.obj
c:\users\arms\documents\github_nano_dev\nano\libaln\x64\libalnmt\cutoffevalminmax.obj
c:\users\arms\documents\github_nano_dev\nano\libaln\x64\libalnmt\debugevalminmax.obj
c:\users\arms\documents\github_nano_dev\nano\libaln\x64\libalnmt\dtree.obj
c:\users\arms\documents\github_nano_dev\nano\libaln\x64\libalnmt\dtr_bio.obj
c:\users\arms\documents\github_nano_dev\nano\libaln\x64\libalnmt\dtr_err.obj
c:\users\arms\documents\github_nano_dev\nano\libaln\x64\libalnmt\dtr_io.obj
c:\users\arms\documents\github_nano_dev\nano\libaln\x64\libalnmt\dtr_mem.obj
c:\users\arms\documents\github_nano_dev\nano\libaln\x64\libalnmt\evaltree.obj
c:\users\arms\documents\github_nano_dev\nano\libaln\x64\libalnmt\fillinputvector.obj
c:\users\arms\documents\github_nano_dev\nano\libaln\x64\libalnmt\freecolumnbase.obj
c:\users\arms\documents\github_nano_dev\nano\libaln\x64\libalnmt\getvarconstraint.obj
c:\users\arms\documents\github_nano_dev\nano\libaln\x64\libalnmt\initlfns.obj
c:\users\arms\documents\github_nano_dev\nano\libaln\x64\libalnmt\jitter.obj
c:\users\arms\documents\github_nano_dev\nano\libaln\x64\libalnmt\plimit.obj
c:\users\arms\documents\github_nano_dev\nano\libaln\x64\libalnmt\prepaln.obj
c:\users\arms\documents\github_nano_dev\nano\libaln\x64\libalnmt\shuffle.obj
c:\users\arms\documents\github_nano_dev\nano\libaln\x64\libalnmt\split_ops.obj
c:\users\arms\documents\github_nano_dev\nano\libaln\x64\libalnmt\train_ops.obj
c:\users\arms\documents\github_nano_dev\nano\libaln\x64\libalnmt\validatedatainfo.obj
c:\users\arms\documents\github_nano_dev\nano\libaln\x64\libalnmt\libaln.pdb
c:\users\arms\documents\github_nano_dev\nano\libaln\x64\.\lib\libalnmt.lib
c:\users\arms\documents\github_nano_dev\nano\libaln\x64\libalnmt\libaln.tlog\cl.command.1.tlog
c:\users\arms\documents\github_nano_dev\nano\libaln\x64\libalnmt\libaln.tlog\cl.read.1.tlog
c:\users\arms\documents\github_nano_dev\nano\libaln\x64\libalnmt\libaln.tlog\cl.write.1.tlog
c:\users\arms\documents\github_nano_dev\nano\libaln\x64\libalnmt\libaln.tlog\lib-link.read.1.tlog
c:\users\arms\documents\github_nano_dev\nano\libaln\x64\libalnmt\libaln.tlog\lib-link.write.1.tlog
c:\users\arms\documents\github_nano_dev\nano\libaln\x64\libalnmt\libaln.tlog\lib.command.1.tlog
