c:\users\arms\documents\github_nano_dev\nano\libaln\win32\libalnmtd\libaln.bsc
c:\users\arms\documents\github_nano_dev\nano\libaln\win32\libalnmtd\adapteval.sbr
c:\users\arms\documents\github_nano_dev\nano\libaln\win32\libalnmtd\adaptevallfn.sbr
c:\users\arms\documents\github_nano_dev\nano\libaln\win32\libalnmtd\adaptlfn.sbr
c:\users\arms\documents\github_nano_dev\nano\libaln\win32\libalnmtd\adaptminmax.sbr
c:\users\arms\documents\github_nano_dev\nano\libaln\win32\libalnmtd\alloccolumnbase.sbr
c:\users\arms\documents\github_nano_dev\nano\libaln\win32\libalnmtd\alnabort.sbr
c:\users\arms\documents\github_nano_dev\nano\libaln\win32\libalnmtd\alnaddtreestring.sbr
c:\users\arms\documents\github_nano_dev\nano\libaln\win32\libalnmtd\alnasert.sbr
c:\users\arms\documents\github_nano_dev\nano\libaln\win32\libalnmtd\alncalcconfidence.sbr
c:\users\arms\documents\github_nano_dev\nano\libaln\win32\libalnmtd\alncalcrmserror.sbr
c:\users\arms\documents\github_nano_dev\nano\libaln\win32\libalnmtd\alnconfidenceplimit.sbr
c:\users\arms\documents\github_nano_dev\nano\libaln\win32\libalnmtd\alnconfidencetlimit.sbr
c:\users\arms\documents\github_nano_dev\nano\libaln\win32\libalnmtd\alnconvertdtree.sbr
c:\users\arms\documents\github_nano_dev\nano\libaln\win32\libalnmtd\alneval.sbr
c:\users\arms\documents\github_nano_dev\nano\libaln\win32\libalnmtd\alnex.sbr
c:\users\arms\documents\github_nano_dev\nano\libaln\win32\libalnmtd\alnfitdeepsetup.sbr
c:\users\arms\documents\github_nano_dev\nano\libaln\win32\libalnmtd\alninvert.sbr
c:\users\arms\documents\github_nano_dev\nano\libaln\win32\libalnmtd\alnio.sbr
c:\users\arms\documents\github_nano_dev\nano\libaln\win32\libalnmtd\alnlfnanalysis.sbr
c:\users\arms\documents\github_nano_dev\nano\libaln\win32\libalnmtd\alnmem.sbr
c:\users\arms\documents\github_nano_dev\nano\libaln\win32\libalnmtd\alnmem.obj
c:\users\arms\documents\github_nano_dev\nano\libaln\win32\libalnmtd\alnlfnanalysis.obj
c:\users\arms\documents\github_nano_dev\nano\libaln\win32\libalnmtd\alnio.obj
c:\users\arms\documents\github_nano_dev\nano\libaln\win32\libalnmtd\alninvert.obj
c:\users\arms\documents\github_nano_dev\nano\libaln\win32\libalnmtd\alnfitdeepsetup.obj
c:\users\arms\documents\github_nano_dev\nano\libaln\win32\libalnmtd\alnex.obj
c:\users\arms\documents\github_nano_dev\nano\libaln\win32\libalnmtd\alneval.obj
c:\users\arms\documents\github_nano_dev\nano\libaln\win32\libalnmtd\alnconvertdtree.obj
c:\users\arms\documents\github_nano_dev\nano\libaln\win32\libalnmtd\alnconfidencetlimit.obj
c:\users\arms\documents\github_nano_dev\nano\libaln\win32\libalnmtd\alnconfidenceplimit.obj
c:\users\arms\documents\github_nano_dev\nano\libaln\win32\libalnmtd\alncalcrmserror.obj
c:\users\arms\documents\github_nano_dev\nano\libaln\win32\libalnmtd\alncalcconfidence.obj
c:\users\arms\documents\github_nano_dev\nano\libaln\win32\libalnmtd\alnasert.obj
c:\users\arms\documents\github_nano_dev\nano\libaln\win32\libalnmtd\alnaddtreestring.obj
c:\users\arms\documents\github_nano_dev\nano\libaln\win32\libalnmtd\alnabort.obj
c:\users\arms\documents\github_nano_dev\nano\libaln\win32\libalnmtd\alloccolumnbase.obj
c:\users\arms\documents\github_nano_dev\nano\libaln\win32\libalnmtd\adaptminmax.obj
c:\users\arms\documents\github_nano_dev\nano\libaln\win32\libalnmtd\adaptlfn.obj
c:\users\arms\documents\github_nano_dev\nano\libaln\win32\libalnmtd\adaptevallfn.obj
c:\users\arms\documents\github_nano_dev\nano\libaln\win32\libalnmtd\adapteval.obj
c:\users\arms\documents\github_nano_dev\nano\libaln\win32\libalnmtd\alnquickeval.sbr
c:\users\arms\documents\github_nano_dev\nano\libaln\win32\libalnmtd\alnrand.sbr
c:\users\arms\documents\github_nano_dev\nano\libaln\win32\libalnmtd\alntestvalid.sbr
c:\users\arms\documents\github_nano_dev\nano\libaln\win32\libalnmtd\alntrace.sbr
c:\users\arms\documents\github_nano_dev\nano\libaln\win32\libalnmtd\alntrain.sbr
c:\users\arms\documents\github_nano_dev\nano\libaln\win32\libalnmtd\alnvarmono.sbr
c:\users\arms\documents\github_nano_dev\nano\libaln\win32\libalnmtd\adaptevalminmax.sbr
c:\users\arms\documents\github_nano_dev\nano\libaln\win32\libalnmtd\buildcutoffroute.sbr
c:\users\arms\documents\github_nano_dev\nano\libaln\win32\libalnmtd\builddtree.sbr
c:\users\arms\documents\github_nano_dev\nano\libaln\win32\libalnmtd\calcactivechild.sbr
c:\users\arms\documents\github_nano_dev\nano\libaln\win32\libalnmtd\calccovariance.sbr
c:\users\arms\documents\github_nano_dev\nano\libaln\win32\libalnmtd\calcdataendpoints.sbr
c:\users\arms\documents\github_nano_dev\nano\libaln\win32\libalnmtd\countlfns.sbr
c:\users\arms\documents\github_nano_dev\nano\libaln\win32\libalnmtd\cutoff.sbr
c:\users\arms\documents\github_nano_dev\nano\libaln\win32\libalnmtd\cutoffeval.sbr
c:\users\arms\documents\github_nano_dev\nano\libaln\win32\libalnmtd\cutoffevallfn.sbr
c:\users\arms\documents\github_nano_dev\nano\libaln\win32\libalnmtd\cutoffevalminmax.sbr
c:\users\arms\documents\github_nano_dev\nano\libaln\win32\libalnmtd\debugevalminmax.sbr
c:\users\arms\documents\github_nano_dev\nano\libaln\win32\libalnmtd\evaltree.sbr
c:\users\arms\documents\github_nano_dev\nano\libaln\win32\libalnmtd\fillinputvector.sbr
c:\users\arms\documents\github_nano_dev\nano\libaln\win32\libalnmtd\fillinputvector.obj
c:\users\arms\documents\github_nano_dev\nano\libaln\win32\libalnmtd\evaltree.obj
c:\users\arms\documents\github_nano_dev\nano\libaln\win32\libalnmtd\debugevalminmax.obj
c:\users\arms\documents\github_nano_dev\nano\libaln\win32\libalnmtd\cutoffevalminmax.obj
c:\users\arms\documents\github_nano_dev\nano\libaln\win32\libalnmtd\cutoffevallfn.obj
c:\users\arms\documents\github_nano_dev\nano\libaln\win32\libalnmtd\cutoffeval.obj
c:\users\arms\documents\github_nano_dev\nano\libaln\win32\libalnmtd\cutoff.obj
c:\users\arms\documents\github_nano_dev\nano\libaln\win32\libalnmtd\countlfns.obj
c:\users\arms\documents\github_nano_dev\nano\libaln\win32\libalnmtd\calcdataendpoints.obj
c:\users\arms\documents\github_nano_dev\nano\libaln\win32\libalnmtd\calccovariance.obj
c:\users\arms\documents\github_nano_dev\nano\libaln\win32\libalnmtd\calcactivechild.obj
c:\users\arms\documents\github_nano_dev\nano\libaln\win32\libalnmtd\builddtree.obj
c:\users\arms\documents\github_nano_dev\nano\libaln\win32\libalnmtd\buildcutoffroute.obj
c:\users\arms\documents\github_nano_dev\nano\libaln\win32\libalnmtd\adaptevalminmax.obj
c:\users\arms\documents\github_nano_dev\nano\libaln\win32\libalnmtd\alnvarmono.obj
c:\users\arms\documents\github_nano_dev\nano\libaln\win32\libalnmtd\alntrain.obj
c:\users\arms\documents\github_nano_dev\nano\libaln\win32\libalnmtd\alntrace.obj
c:\users\arms\documents\github_nano_dev\nano\libaln\win32\libalnmtd\alntestvalid.obj
c:\users\arms\documents\github_nano_dev\nano\libaln\win32\libalnmtd\alnrand.obj
c:\users\arms\documents\github_nano_dev\nano\libaln\win32\libalnmtd\alnquickeval.obj
c:\users\arms\documents\github_nano_dev\nano\libaln\win32\libalnmtd\freecolumnbase.sbr
c:\users\arms\documents\github_nano_dev\nano\libaln\win32\libalnmtd\getvarconstraint.sbr
c:\users\arms\documents\github_nano_dev\nano\libaln\win32\libalnmtd\initlfns.sbr
c:\users\arms\documents\github_nano_dev\nano\libaln\win32\libalnmtd\jitter.sbr
c:\users\arms\documents\github_nano_dev\nano\libaln\win32\libalnmtd\plimit.sbr
c:\users\arms\documents\github_nano_dev\nano\libaln\win32\libalnmtd\prepaln.sbr
c:\users\arms\documents\github_nano_dev\nano\libaln\win32\libalnmtd\shuffle.sbr
c:\users\arms\documents\github_nano_dev\nano\libaln\win32\libalnmtd\split_ops.sbr
c:\users\arms\documents\github_nano_dev\nano\libaln\win32\libalnmtd\train_ops.sbr
c:\users\arms\documents\github_nano_dev\nano\libaln\win32\libalnmtd\validatedatainfo.sbr
c:\users\arms\documents\github_nano_dev\nano\libaln\win32\libalnmtd\validatedatainfo.obj
c:\users\arms\documents\github_nano_dev\nano\libaln\win32\libalnmtd\train_ops.obj
c:\users\arms\documents\github_nano_dev\nano\libaln\win32\libalnmtd\split_ops.obj
c:\users\arms\documents\github_nano_dev\nano\libaln\win32\libalnmtd\shuffle.obj
c:\users\arms\documents\github_nano_dev\nano\libaln\win32\libalnmtd\prepaln.obj
c:\users\arms\documents\github_nano_dev\nano\libaln\win32\libalnmtd\plimit.obj
c:\users\arms\documents\github_nano_dev\nano\libaln\win32\libalnmtd\jitter.obj
c:\users\arms\documents\github_nano_dev\nano\libaln\win32\libalnmtd\initlfns.obj
c:\users\arms\documents\github_nano_dev\nano\libaln\win32\libalnmtd\getvarconstraint.obj
c:\users\arms\documents\github_nano_dev\nano\libaln\win32\libalnmtd\freecolumnbase.obj
c:\users\arms\documents\github_nano_dev\nano\libaln\win32\libalnmtd\dtree.sbr
c:\users\arms\documents\github_nano_dev\nano\libaln\win32\libalnmtd\dtr_bio.sbr
c:\users\arms\documents\github_nano_dev\nano\libaln\win32\libalnmtd\dtr_err.sbr
c:\users\arms\documents\github_nano_dev\nano\libaln\win32\libalnmtd\dtr_io.sbr
c:\users\arms\documents\github_nano_dev\nano\libaln\win32\libalnmtd\dtr_mem.sbr
c:\users\arms\documents\github_nano_dev\nano\libaln\win32\libalnmtd\dtr_mem.obj
c:\users\arms\documents\github_nano_dev\nano\libaln\win32\libalnmtd\dtr_io.obj
c:\users\arms\documents\github_nano_dev\nano\libaln\win32\libalnmtd\dtr_err.obj
c:\users\arms\documents\github_nano_dev\nano\libaln\win32\libalnmtd\dtr_bio.obj
c:\users\arms\documents\github_nano_dev\nano\libaln\win32\libalnmtd\dtree.obj
c:\users\arms\documents\github_nano_dev\nano\libaln\win32\lib\libalnmtd.lib
c:\users\arms\documents\github_nano_dev\nano\libaln\x64\libalnmtd\adapteval.obj
c:\users\arms\documents\github_nano_dev\nano\libaln\x64\libalnmtd\adaptevallfn.obj
c:\users\arms\documents\github_nano_dev\nano\libaln\x64\libalnmtd\adaptevalminmax.obj
c:\users\arms\documents\github_nano_dev\nano\libaln\x64\libalnmtd\adaptlfn.obj
c:\users\arms\documents\github_nano_dev\nano\libaln\x64\libalnmtd\adaptminmax.obj
c:\users\arms\documents\github_nano_dev\nano\libaln\x64\libalnmtd\alloccolumnbase.obj
c:\users\arms\documents\github_nano_dev\nano\libaln\x64\libalnmtd\alnabort.obj
c:\users\arms\documents\github_nano_dev\nano\libaln\x64\libalnmtd\alnaddtreestring.obj
c:\users\arms\documents\github_nano_dev\nano\libaln\x64\libalnmtd\alnasert.obj
c:\users\arms\documents\github_nano_dev\nano\libaln\x64\libalnmtd\alncalcconfidence.obj
c:\users\arms\documents\github_nano_dev\nano\libaln\x64\libalnmtd\alncalcrmserror.obj
c:\users\arms\documents\github_nano_dev\nano\libaln\x64\libalnmtd\alnconfidenceplimit.obj
c:\users\arms\documents\github_nano_dev\nano\libaln\x64\libalnmtd\alnconfidencetlimit.obj
c:\users\arms\documents\github_nano_dev\nano\libaln\x64\libalnmtd\alnconvertdtree.obj
c:\users\arms\documents\github_nano_dev\nano\libaln\x64\libalnmtd\alneval.obj
c:\users\arms\documents\github_nano_dev\nano\libaln\x64\libalnmtd\alnex.obj
c:\users\arms\documents\github_nano_dev\nano\libaln\x64\libalnmtd\alnfitdeepsetup.obj
c:\users\arms\documents\github_nano_dev\nano\libaln\x64\libalnmtd\alninvert.obj
c:\users\arms\documents\github_nano_dev\nano\libaln\x64\libalnmtd\alnio.obj
c:\users\arms\documents\github_nano_dev\nano\libaln\x64\libalnmtd\alnlfnanalysis.obj
c:\users\arms\documents\github_nano_dev\nano\libaln\x64\libalnmtd\alnmem.obj
c:\users\arms\documents\github_nano_dev\nano\libaln\x64\libalnmtd\alnquickeval.obj
c:\users\arms\documents\github_nano_dev\nano\libaln\x64\libalnmtd\alnrand.obj
c:\users\arms\documents\github_nano_dev\nano\libaln\x64\libalnmtd\alntestvalid.obj
c:\users\arms\documents\github_nano_dev\nano\libaln\x64\libalnmtd\alntrace.obj
c:\users\arms\documents\github_nano_dev\nano\libaln\x64\libalnmtd\alntrain.obj
c:\users\arms\documents\github_nano_dev\nano\libaln\x64\libalnmtd\alnvarmono.obj
c:\users\arms\documents\github_nano_dev\nano\libaln\x64\libalnmtd\buildcutoffroute.obj
c:\users\arms\documents\github_nano_dev\nano\libaln\x64\libalnmtd\builddtree.obj
c:\users\arms\documents\github_nano_dev\nano\libaln\x64\libalnmtd\calcactivechild.obj
c:\users\arms\documents\github_nano_dev\nano\libaln\x64\libalnmtd\calccovariance.obj
c:\users\arms\documents\github_nano_dev\nano\libaln\x64\libalnmtd\calcdataendpoints.obj
c:\users\arms\documents\github_nano_dev\nano\libaln\x64\libalnmtd\countlfns.obj
c:\users\arms\documents\github_nano_dev\nano\libaln\x64\libalnmtd\cutoff.obj
c:\users\arms\documents\github_nano_dev\nano\libaln\x64\libalnmtd\cutoffeval.obj
c:\users\arms\documents\github_nano_dev\nano\libaln\x64\libalnmtd\cutoffevallfn.obj
c:\users\arms\documents\github_nano_dev\nano\libaln\x64\libalnmtd\cutoffevalminmax.obj
c:\users\arms\documents\github_nano_dev\nano\libaln\x64\libalnmtd\debugevalminmax.obj
c:\users\arms\documents\github_nano_dev\nano\libaln\x64\libalnmtd\dtree.obj
c:\users\arms\documents\github_nano_dev\nano\libaln\x64\libalnmtd\dtr_bio.obj
c:\users\arms\documents\github_nano_dev\nano\libaln\x64\libalnmtd\dtr_err.obj
c:\users\arms\documents\github_nano_dev\nano\libaln\x64\libalnmtd\dtr_io.obj
c:\users\arms\documents\github_nano_dev\nano\libaln\x64\libalnmtd\dtr_mem.obj
c:\users\arms\documents\github_nano_dev\nano\libaln\x64\libalnmtd\evaltree.obj
c:\users\arms\documents\github_nano_dev\nano\libaln\x64\libalnmtd\fillinputvector.obj
c:\users\arms\documents\github_nano_dev\nano\libaln\x64\libalnmtd\freecolumnbase.obj
c:\users\arms\documents\github_nano_dev\nano\libaln\x64\libalnmtd\getvarconstraint.obj
c:\users\arms\documents\github_nano_dev\nano\libaln\x64\libalnmtd\initlfns.obj
c:\users\arms\documents\github_nano_dev\nano\libaln\x64\libalnmtd\jitter.obj
c:\users\arms\documents\github_nano_dev\nano\libaln\x64\libalnmtd\plimit.obj
c:\users\arms\documents\github_nano_dev\nano\libaln\x64\libalnmtd\prepaln.obj
c:\users\arms\documents\github_nano_dev\nano\libaln\x64\libalnmtd\shuffle.obj
c:\users\arms\documents\github_nano_dev\nano\libaln\x64\libalnmtd\split_ops.obj
c:\users\arms\documents\github_nano_dev\nano\libaln\x64\libalnmtd\train_ops.obj
c:\users\arms\documents\github_nano_dev\nano\libaln\x64\libalnmtd\validatedatainfo.obj
c:\users\arms\documents\github_nano_dev\nano\libaln\x64\libalnmtd\libaln.bsc
c:\users\arms\documents\github_nano_dev\nano\libaln\x64\libalnmtd\adapteval.sbr
c:\users\arms\documents\github_nano_dev\nano\libaln\x64\libalnmtd\adaptevallfn.sbr
c:\users\arms\documents\github_nano_dev\nano\libaln\x64\libalnmtd\adaptevalminmax.sbr
c:\users\arms\documents\github_nano_dev\nano\libaln\x64\libalnmtd\adaptlfn.sbr
c:\users\arms\documents\github_nano_dev\nano\libaln\x64\libalnmtd\adaptminmax.sbr
c:\users\arms\documents\github_nano_dev\nano\libaln\x64\libalnmtd\alloccolumnbase.sbr
c:\users\arms\documents\github_nano_dev\nano\libaln\x64\libalnmtd\alnabort.sbr
c:\users\arms\documents\github_nano_dev\nano\libaln\x64\libalnmtd\alnaddtreestring.sbr
c:\users\arms\documents\github_nano_dev\nano\libaln\x64\libalnmtd\alnasert.sbr
c:\users\arms\documents\github_nano_dev\nano\libaln\x64\libalnmtd\alncalcconfidence.sbr
c:\users\arms\documents\github_nano_dev\nano\libaln\x64\libalnmtd\alncalcrmserror.sbr
c:\users\arms\documents\github_nano_dev\nano\libaln\x64\libalnmtd\alnconfidenceplimit.sbr
c:\users\arms\documents\github_nano_dev\nano\libaln\x64\libalnmtd\alnconfidencetlimit.sbr
c:\users\arms\documents\github_nano_dev\nano\libaln\x64\libalnmtd\alnconvertdtree.sbr
c:\users\arms\documents\github_nano_dev\nano\libaln\x64\libalnmtd\alneval.sbr
c:\users\arms\documents\github_nano_dev\nano\libaln\x64\libalnmtd\alnex.sbr
c:\users\arms\documents\github_nano_dev\nano\libaln\x64\libalnmtd\alnfitdeepsetup.sbr
c:\users\arms\documents\github_nano_dev\nano\libaln\x64\libalnmtd\alninvert.sbr
c:\users\arms\documents\github_nano_dev\nano\libaln\x64\libalnmtd\alnio.sbr
c:\users\arms\documents\github_nano_dev\nano\libaln\x64\libalnmtd\alnlfnanalysis.sbr
c:\users\arms\documents\github_nano_dev\nano\libaln\x64\libalnmtd\alnmem.sbr
c:\users\arms\documents\github_nano_dev\nano\libaln\x64\libalnmtd\alnquickeval.sbr
c:\users\arms\documents\github_nano_dev\nano\libaln\x64\libalnmtd\alnrand.sbr
c:\users\arms\documents\github_nano_dev\nano\libaln\x64\libalnmtd\alntestvalid.sbr
c:\users\arms\documents\github_nano_dev\nano\libaln\x64\libalnmtd\alntrace.sbr
c:\users\arms\documents\github_nano_dev\nano\libaln\x64\libalnmtd\alntrain.sbr
c:\users\arms\documents\github_nano_dev\nano\libaln\x64\libalnmtd\alnvarmono.sbr
c:\users\arms\documents\github_nano_dev\nano\libaln\x64\libalnmtd\buildcutoffroute.sbr
c:\users\arms\documents\github_nano_dev\nano\libaln\x64\libalnmtd\builddtree.sbr
c:\users\arms\documents\github_nano_dev\nano\libaln\x64\libalnmtd\calcactivechild.sbr
c:\users\arms\documents\github_nano_dev\nano\libaln\x64\libalnmtd\calccovariance.sbr
c:\users\arms\documents\github_nano_dev\nano\libaln\x64\libalnmtd\calcdataendpoints.sbr
c:\users\arms\documents\github_nano_dev\nano\libaln\x64\libalnmtd\countlfns.sbr
c:\users\arms\documents\github_nano_dev\nano\libaln\x64\libalnmtd\cutoff.sbr
c:\users\arms\documents\github_nano_dev\nano\libaln\x64\libalnmtd\cutoffeval.sbr
c:\users\arms\documents\github_nano_dev\nano\libaln\x64\libalnmtd\cutoffevallfn.sbr
c:\users\arms\documents\github_nano_dev\nano\libaln\x64\libalnmtd\cutoffevalminmax.sbr
c:\users\arms\documents\github_nano_dev\nano\libaln\x64\libalnmtd\debugevalminmax.sbr
c:\users\arms\documents\github_nano_dev\nano\libaln\x64\libalnmtd\dtree.sbr
c:\users\arms\documents\github_nano_dev\nano\libaln\x64\libalnmtd\dtr_bio.sbr
c:\users\arms\documents\github_nano_dev\nano\libaln\x64\libalnmtd\dtr_err.sbr
c:\users\arms\documents\github_nano_dev\nano\libaln\x64\libalnmtd\dtr_io.sbr
c:\users\arms\documents\github_nano_dev\nano\libaln\x64\libalnmtd\dtr_mem.sbr
c:\users\arms\documents\github_nano_dev\nano\libaln\x64\libalnmtd\evaltree.sbr
c:\users\arms\documents\github_nano_dev\nano\libaln\x64\libalnmtd\fillinputvector.sbr
c:\users\arms\documents\github_nano_dev\nano\libaln\x64\libalnmtd\freecolumnbase.sbr
c:\users\arms\documents\github_nano_dev\nano\libaln\x64\libalnmtd\getvarconstraint.sbr
c:\users\arms\documents\github_nano_dev\nano\libaln\x64\libalnmtd\initlfns.sbr
c:\users\arms\documents\github_nano_dev\nano\libaln\x64\libalnmtd\jitter.sbr
c:\users\arms\documents\github_nano_dev\nano\libaln\x64\libalnmtd\plimit.sbr
c:\users\arms\documents\github_nano_dev\nano\libaln\x64\libalnmtd\prepaln.sbr
c:\users\arms\documents\github_nano_dev\nano\libaln\x64\libalnmtd\shuffle.sbr
c:\users\arms\documents\github_nano_dev\nano\libaln\x64\libalnmtd\split_ops.sbr
c:\users\arms\documents\github_nano_dev\nano\libaln\x64\libalnmtd\train_ops.sbr
c:\users\arms\documents\github_nano_dev\nano\libaln\x64\libalnmtd\validatedatainfo.sbr
c:\users\arms\documents\github_nano_dev\nano\libaln\x64\.\lib\libalnmtd.lib
c:\users\arms\documents\github_nano_dev\nano\libaln\x64\libalnmtd\libaln.tlog\bscmake.command.1.tlog
c:\users\arms\documents\github_nano_dev\nano\libaln\x64\libalnmtd\libaln.tlog\bscmake.read.1.tlog
c:\users\arms\documents\github_nano_dev\nano\libaln\x64\libalnmtd\libaln.tlog\bscmake.write.1.tlog
c:\users\arms\documents\github_nano_dev\nano\libaln\x64\libalnmtd\libaln.tlog\cl.command.1.tlog
c:\users\arms\documents\github_nano_dev\nano\libaln\x64\libalnmtd\libaln.tlog\cl.read.1.tlog
c:\users\arms\documents\github_nano_dev\nano\libaln\x64\libalnmtd\libaln.tlog\cl.write.1.tlog
c:\users\arms\documents\github_nano_dev\nano\libaln\x64\libalnmtd\libaln.tlog\lib-link.read.1.tlog
c:\users\arms\documents\github_nano_dev\nano\libaln\x64\libalnmtd\libaln.tlog\lib-link.write.1.tlog
c:\users\arms\documents\github_nano_dev\nano\libaln\x64\libalnmtd\libaln.tlog\lib.command.1.tlog
