c:\users\arms\documents\github_nano_dev\nano\libaln\x64\alnfitdeep\alnfitdeep.pch
c:\users\arms\documents\github_nano_dev\nano\libaln\x64\alnfitdeep\stdafx.obj
c:\users\arms\documents\github_nano_dev\nano\libaln\x64\alnfitdeep\optionsdialog.obj
c:\users\arms\documents\github_nano_dev\nano\libaln\x64\alnfitdeep\mainfrm.obj
c:\users\arms\documents\github_nano_dev\nano\libaln\x64\alnfitdeep\alnfitdeepview.obj
c:\users\arms\documents\github_nano_dev\nano\libaln\x64\alnfitdeep\alnfitdeepdoc.obj
c:\users\arms\documents\github_nano_dev\nano\libaln\x64\alnfitdeep\alnfitdeep.obj
c:\users\arms\documents\github_nano_dev\nano\libaln\x64\alnfitdeep\vc142.pdb
c:\users\arms\documents\github_nano_dev\nano\libaln\samples\alnfitdeep\release mt\alnfitdeep.exe
c:\users\arms\documents\github_nano_dev\nano\libaln\x64\alnfitdeep\alnfitdeep.res
c:\users\arms\documents\github_nano_dev\nano\libaln\x64\alnfitdeep\vc142.idb
c:\users\arms\documents\github_nano_dev\nano\libaln\x64\alnfitdeep\alnfitdeep.tlog\cl.command.1.tlog
c:\users\arms\documents\github_nano_dev\nano\libaln\x64\alnfitdeep\alnfitdeep.tlog\cl.read.1.tlog
c:\users\arms\documents\github_nano_dev\nano\libaln\x64\alnfitdeep\alnfitdeep.tlog\cl.write.1.tlog
c:\users\arms\documents\github_nano_dev\nano\libaln\x64\alnfitdeep\alnfitdeep.tlog\link.command.1.tlog
c:\users\arms\documents\github_nano_dev\nano\libaln\x64\alnfitdeep\alnfitdeep.tlog\link.read.1.tlog
c:\users\arms\documents\github_nano_dev\nano\libaln\x64\alnfitdeep\alnfitdeep.tlog\link.write.1.tlog
c:\users\arms\documents\github_nano_dev\nano\libaln\x64\alnfitdeep\alnfitdeep.tlog\rc.command.1.tlog
c:\users\arms\documents\github_nano_dev\nano\libaln\x64\alnfitdeep\alnfitdeep.tlog\rc.read.1.tlog
c:\users\arms\documents\github_nano_dev\nano\libaln\x64\alnfitdeep\alnfitdeep.tlog\rc.write.1.tlog
