c:\users\arms\documents\github_nano_dev\nano\libaln\win32\alnfitdeep\alnfitdeepdebugdll.pch
c:\users\arms\documents\github_nano_dev\nano\libaln\win32\alnfitdeep\alnfitdeep.sbr
c:\users\arms\documents\github_nano_dev\nano\libaln\win32\alnfitdeep\alnfitdeep.obj
c:\users\arms\documents\github_nano_dev\nano\libaln\win32\alnfitdeep\alnfitdeepdoc.sbr
c:\users\arms\documents\github_nano_dev\nano\libaln\win32\alnfitdeep\alnfitdeepdoc.obj
c:\users\arms\documents\github_nano_dev\nano\libaln\win32\alnfitdeep\alnfitdeepview.sbr
c:\users\arms\documents\github_nano_dev\nano\libaln\win32\alnfitdeep\alnfitdeepview.obj
c:\users\arms\documents\github_nano_dev\nano\libaln\win32\alnfitdeep\mainfrm.sbr
c:\users\arms\documents\github_nano_dev\nano\libaln\win32\alnfitdeep\mainfrm.obj
c:\users\arms\documents\github_nano_dev\nano\libaln\win32\alnfitdeep\optionsdialog.sbr
c:\users\arms\documents\github_nano_dev\nano\libaln\win32\alnfitdeep\optionsdialog.obj
c:\users\arms\documents\github_nano_dev\nano\libaln\win32\alnfitdeep\stdafx.sbr
c:\users\arms\documents\github_nano_dev\nano\libaln\win32\alnfitdeep\stdafx.obj
c:\users\arms\documents\github_nano_dev\nano\libaln\samples\alnfitdeep\debug mt dll\alnfitdeepdebugdll.exe
c:\users\arms\documents\github_nano_dev\nano\libaln\win32\alnfitdeep\alnfitdeepdebugdll.pdb
c:\users\arms\documents\github_nano_dev\nano\libaln\win32\alnfitdeep\alnfitdeep.res
c:\users\arms\documents\github_nano_dev\nano\libaln\x64\alnfitdeep\alnfitdeep.obj
c:\users\arms\documents\github_nano_dev\nano\libaln\x64\alnfitdeep\alnfitdeepdoc.obj
c:\users\arms\documents\github_nano_dev\nano\libaln\x64\alnfitdeep\alnfitdeepview.obj
c:\users\arms\documents\github_nano_dev\nano\libaln\x64\alnfitdeep\mainfrm.obj
c:\users\arms\documents\github_nano_dev\nano\libaln\x64\alnfitdeep\optionsdialog.obj
c:\users\arms\documents\github_nano_dev\nano\libaln\x64\alnfitdeep\stdafx.obj
c:\users\arms\documents\github_nano_dev\nano\libaln\x64\alnfitdeep\alnfitdeep.res
c:\users\arms\documents\github_nano_dev\nano\libaln\x64\alnfitdeep\alnfitdeepdebugdll.pch
c:\users\arms\documents\github_nano_dev\nano\libaln\x64\alnfitdeep\alnfitdeepdebugdll.pdb
c:\users\arms\documents\github_nano_dev\nano\libaln\x64\alnfitdeep\alnfitdeepdebugdll.bsc
c:\users\arms\documents\github_nano_dev\nano\libaln\x64\alnfitdeep\alnfitdeep.sbr
c:\users\arms\documents\github_nano_dev\nano\libaln\x64\alnfitdeep\alnfitdeepdoc.sbr
c:\users\arms\documents\github_nano_dev\nano\libaln\x64\alnfitdeep\alnfitdeepview.sbr
c:\users\arms\documents\github_nano_dev\nano\libaln\x64\alnfitdeep\mainfrm.sbr
c:\users\arms\documents\github_nano_dev\nano\libaln\x64\alnfitdeep\optionsdialog.sbr
c:\users\arms\documents\github_nano_dev\nano\libaln\x64\alnfitdeep\stdafx.sbr
c:\users\arms\documents\github_nano_dev\nano\libaln\x64\alnfitdeep\alnfitdeep.tlog\bscmake.command.1.tlog
c:\users\arms\documents\github_nano_dev\nano\libaln\x64\alnfitdeep\alnfitdeep.tlog\bscmake.read.1.tlog
c:\users\arms\documents\github_nano_dev\nano\libaln\x64\alnfitdeep\alnfitdeep.tlog\cl.command.1.tlog
c:\users\arms\documents\github_nano_dev\nano\libaln\x64\alnfitdeep\alnfitdeep.tlog\cl.read.1.tlog
c:\users\arms\documents\github_nano_dev\nano\libaln\x64\alnfitdeep\alnfitdeep.tlog\cl.write.1.tlog
c:\users\arms\documents\github_nano_dev\nano\libaln\x64\alnfitdeep\alnfitdeep.tlog\link.command.1.tlog
c:\users\arms\documents\github_nano_dev\nano\libaln\x64\alnfitdeep\alnfitdeep.tlog\link.read.1.tlog
c:\users\arms\documents\github_nano_dev\nano\libaln\x64\alnfitdeep\alnfitdeep.tlog\link.write.1.tlog
c:\users\arms\documents\github_nano_dev\nano\libaln\x64\alnfitdeep\alnfitdeep.tlog\rc.command.1.tlog
c:\users\arms\documents\github_nano_dev\nano\libaln\x64\alnfitdeep\alnfitdeep.tlog\rc.read.1.tlog
c:\users\arms\documents\github_nano_dev\nano\libaln\x64\alnfitdeep\alnfitdeep.tlog\rc.write.1.tlog
