c:\users\arms\documents\github_nano_dev\nano\libaln\win32\libalnppmtd\alnpp.bsc
c:\users\arms\documents\github_nano_dev\nano\libaln\win32\libalnppmtd\alnpp.sbr
c:\users\arms\documents\github_nano_dev\nano\libaln\win32\libalnppmtd\datafile.sbr
c:\users\arms\documents\github_nano_dev\nano\libaln\win32\libalnppmtd\datafile.obj
c:\users\arms\documents\github_nano_dev\nano\libaln\win32\libalnppmtd\alnpp.obj
c:\users\arms\documents\github_nano_dev\nano\libaln\win32\lib\libalnppmtd.lib
c:\users\arms\documents\github_nano_dev\nano\libaln\x64\libalnppmtd\alnpp.obj
c:\users\arms\documents\github_nano_dev\nano\libaln\x64\libalnppmtd\datafile.obj
c:\users\arms\documents\github_nano_dev\nano\libaln\x64\libalnppmtd\alnpp.bsc
c:\users\arms\documents\github_nano_dev\nano\libaln\x64\libalnppmtd\alnpp.sbr
c:\users\arms\documents\github_nano_dev\nano\libaln\x64\libalnppmtd\datafile.sbr
c:\users\arms\documents\github_nano_dev\nano\libaln\x64\.\lib\libalnppmtd.lib
c:\users\arms\documents\github_nano_dev\nano\libaln\x64\libalnppmtd\alnpp.tlog\bscmake.command.1.tlog
c:\users\arms\documents\github_nano_dev\nano\libaln\x64\libalnppmtd\alnpp.tlog\bscmake.read.1.tlog
c:\users\arms\documents\github_nano_dev\nano\libaln\x64\libalnppmtd\alnpp.tlog\bscmake.write.1.tlog
c:\users\arms\documents\github_nano_dev\nano\libaln\x64\libalnppmtd\alnpp.tlog\cl.command.1.tlog
c:\users\arms\documents\github_nano_dev\nano\libaln\x64\libalnppmtd\alnpp.tlog\cl.read.1.tlog
c:\users\arms\documents\github_nano_dev\nano\libaln\x64\libalnppmtd\alnpp.tlog\cl.write.1.tlog
c:\users\arms\documents\github_nano_dev\nano\libaln\x64\libalnppmtd\alnpp.tlog\lib-link.read.1.tlog
c:\users\arms\documents\github_nano_dev\nano\libaln\x64\libalnppmtd\alnpp.tlog\lib-link.write.1.tlog
c:\users\arms\documents\github_nano_dev\nano\libaln\x64\libalnppmtd\alnpp.tlog\lib.command.1.tlog
