c:\users\arms\documents\github_nano_dev\nano\libaln\win32\libalndmtd\libaln.bsc
c:\users\arms\documents\github_nano_dev\nano\libaln\win32\libalndmtd\libaln.pdb
c:\users\arms\documents\github_nano_dev\nano\libaln\win32\libalndmtd\adapteval.sbr
c:\users\arms\documents\github_nano_dev\nano\libaln\win32\libalndmtd\adaptevallfn.sbr
c:\users\arms\documents\github_nano_dev\nano\libaln\win32\libalndmtd\adaptlfn.sbr
c:\users\arms\documents\github_nano_dev\nano\libaln\win32\libalndmtd\adaptminmax.sbr
c:\users\arms\documents\github_nano_dev\nano\libaln\win32\libalndmtd\alloccolumnbase.sbr
c:\users\arms\documents\github_nano_dev\nano\libaln\win32\libalndmtd\alnabort.sbr
c:\users\arms\documents\github_nano_dev\nano\libaln\win32\libalndmtd\alnaddtreestring.sbr
c:\users\arms\documents\github_nano_dev\nano\libaln\win32\libalndmtd\alnasert.sbr
c:\users\arms\documents\github_nano_dev\nano\libaln\win32\libalndmtd\alncalcconfidence.sbr
c:\users\arms\documents\github_nano_dev\nano\libaln\win32\libalndmtd\alncalcrmserror.sbr
c:\users\arms\documents\github_nano_dev\nano\libaln\win32\libalndmtd\alnconfidenceplimit.sbr
c:\users\arms\documents\github_nano_dev\nano\libaln\win32\libalndmtd\alnconfidencetlimit.sbr
c:\users\arms\documents\github_nano_dev\nano\libaln\win32\libalndmtd\alnconvertdtree.sbr
c:\users\arms\documents\github_nano_dev\nano\libaln\win32\libalndmtd\alneval.sbr
c:\users\arms\documents\github_nano_dev\nano\libaln\win32\libalndmtd\alnex.sbr
c:\users\arms\documents\github_nano_dev\nano\libaln\win32\libalndmtd\alnfitdeepsetup.sbr
c:\users\arms\documents\github_nano_dev\nano\libaln\win32\libalndmtd\alninvert.sbr
c:\users\arms\documents\github_nano_dev\nano\libaln\win32\libalndmtd\alnio.sbr
c:\users\arms\documents\github_nano_dev\nano\libaln\win32\libalndmtd\alnlfnanalysis.sbr
c:\users\arms\documents\github_nano_dev\nano\libaln\win32\libalndmtd\alnmem.sbr
c:\users\arms\documents\github_nano_dev\nano\libaln\win32\alnmem.obj
c:\users\arms\documents\github_nano_dev\nano\libaln\win32\alnlfnanalysis.obj
c:\users\arms\documents\github_nano_dev\nano\libaln\win32\alnio.obj
c:\users\arms\documents\github_nano_dev\nano\libaln\win32\alninvert.obj
c:\users\arms\documents\github_nano_dev\nano\libaln\win32\alnfitdeepsetup.obj
c:\users\arms\documents\github_nano_dev\nano\libaln\win32\alnex.obj
c:\users\arms\documents\github_nano_dev\nano\libaln\win32\alneval.obj
c:\users\arms\documents\github_nano_dev\nano\libaln\win32\alnconvertdtree.obj
c:\users\arms\documents\github_nano_dev\nano\libaln\win32\alnconfidencetlimit.obj
c:\users\arms\documents\github_nano_dev\nano\libaln\win32\alnconfidenceplimit.obj
c:\users\arms\documents\github_nano_dev\nano\libaln\win32\alncalcrmserror.obj
c:\users\arms\documents\github_nano_dev\nano\libaln\win32\alncalcconfidence.obj
c:\users\arms\documents\github_nano_dev\nano\libaln\win32\alnasert.obj
c:\users\arms\documents\github_nano_dev\nano\libaln\win32\alnaddtreestring.obj
c:\users\arms\documents\github_nano_dev\nano\libaln\win32\alnabort.obj
c:\users\arms\documents\github_nano_dev\nano\libaln\win32\alloccolumnbase.obj
c:\users\arms\documents\github_nano_dev\nano\libaln\win32\adaptminmax.obj
c:\users\arms\documents\github_nano_dev\nano\libaln\win32\adaptlfn.obj
c:\users\arms\documents\github_nano_dev\nano\libaln\win32\adaptevallfn.obj
c:\users\arms\documents\github_nano_dev\nano\libaln\win32\adapteval.obj
c:\users\arms\documents\github_nano_dev\nano\libaln\win32\libalndmtd\alnquickeval.sbr
c:\users\arms\documents\github_nano_dev\nano\libaln\win32\libalndmtd\alnrand.sbr
c:\users\arms\documents\github_nano_dev\nano\libaln\win32\libalndmtd\alntestvalid.sbr
c:\users\arms\documents\github_nano_dev\nano\libaln\win32\libalndmtd\alntrace.sbr
c:\users\arms\documents\github_nano_dev\nano\libaln\win32\libalndmtd\alntrain.sbr
c:\users\arms\documents\github_nano_dev\nano\libaln\win32\libalndmtd\alnvarmono.sbr
c:\users\arms\documents\github_nano_dev\nano\libaln\win32\libalndmtd\adaptevalminmax.sbr
c:\users\arms\documents\github_nano_dev\nano\libaln\win32\libalndmtd\buildcutoffroute.sbr
c:\users\arms\documents\github_nano_dev\nano\libaln\win32\libalndmtd\builddtree.sbr
c:\users\arms\documents\github_nano_dev\nano\libaln\win32\libalndmtd\calcactivechild.sbr
c:\users\arms\documents\github_nano_dev\nano\libaln\win32\libalndmtd\calccovariance.sbr
c:\users\arms\documents\github_nano_dev\nano\libaln\win32\libalndmtd\calcdataendpoints.sbr
c:\users\arms\documents\github_nano_dev\nano\libaln\win32\libalndmtd\countlfns.sbr
c:\users\arms\documents\github_nano_dev\nano\libaln\win32\libalndmtd\cutoff.sbr
c:\users\arms\documents\github_nano_dev\nano\libaln\win32\libalndmtd\cutoffeval.sbr
c:\users\arms\documents\github_nano_dev\nano\libaln\win32\libalndmtd\cutoffevallfn.sbr
c:\users\arms\documents\github_nano_dev\nano\libaln\win32\libalndmtd\cutoffevalminmax.sbr
c:\users\arms\documents\github_nano_dev\nano\libaln\win32\libalndmtd\debugevalminmax.sbr
c:\users\arms\documents\github_nano_dev\nano\libaln\win32\libalndmtd\evaltree.sbr
c:\users\arms\documents\github_nano_dev\nano\libaln\win32\libalndmtd\fillinputvector.sbr
c:\users\arms\documents\github_nano_dev\nano\libaln\win32\fillinputvector.obj
c:\users\arms\documents\github_nano_dev\nano\libaln\win32\evaltree.obj
c:\users\arms\documents\github_nano_dev\nano\libaln\win32\debugevalminmax.obj
c:\users\arms\documents\github_nano_dev\nano\libaln\win32\cutoffevalminmax.obj
c:\users\arms\documents\github_nano_dev\nano\libaln\win32\cutoffevallfn.obj
c:\users\arms\documents\github_nano_dev\nano\libaln\win32\cutoffeval.obj
c:\users\arms\documents\github_nano_dev\nano\libaln\win32\cutoff.obj
c:\users\arms\documents\github_nano_dev\nano\libaln\win32\countlfns.obj
c:\users\arms\documents\github_nano_dev\nano\libaln\win32\calcdataendpoints.obj
c:\users\arms\documents\github_nano_dev\nano\libaln\win32\calccovariance.obj
c:\users\arms\documents\github_nano_dev\nano\libaln\win32\calcactivechild.obj
c:\users\arms\documents\github_nano_dev\nano\libaln\win32\builddtree.obj
c:\users\arms\documents\github_nano_dev\nano\libaln\win32\buildcutoffroute.obj
c:\users\arms\documents\github_nano_dev\nano\libaln\win32\adaptevalminmax.obj
c:\users\arms\documents\github_nano_dev\nano\libaln\win32\alnvarmono.obj
c:\users\arms\documents\github_nano_dev\nano\libaln\win32\alntrain.obj
c:\users\arms\documents\github_nano_dev\nano\libaln\win32\alntrace.obj
c:\users\arms\documents\github_nano_dev\nano\libaln\win32\alntestvalid.obj
c:\users\arms\documents\github_nano_dev\nano\libaln\win32\alnrand.obj
c:\users\arms\documents\github_nano_dev\nano\libaln\win32\alnquickeval.obj
c:\users\arms\documents\github_nano_dev\nano\libaln\win32\libalndmtd\freecolumnbase.sbr
c:\users\arms\documents\github_nano_dev\nano\libaln\win32\libalndmtd\getvarconstraint.sbr
c:\users\arms\documents\github_nano_dev\nano\libaln\win32\libalndmtd\initlfns.sbr
c:\users\arms\documents\github_nano_dev\nano\libaln\win32\libalndmtd\jitter.sbr
c:\users\arms\documents\github_nano_dev\nano\libaln\win32\libalndmtd\plimit.sbr
c:\users\arms\documents\github_nano_dev\nano\libaln\win32\libalndmtd\prepaln.sbr
c:\users\arms\documents\github_nano_dev\nano\libaln\win32\libalndmtd\shuffle.sbr
c:\users\arms\documents\github_nano_dev\nano\libaln\win32\libalndmtd\split_ops.sbr
c:\users\arms\documents\github_nano_dev\nano\libaln\win32\libalndmtd\train_ops.sbr
c:\users\arms\documents\github_nano_dev\nano\libaln\win32\libalndmtd\validatedatainfo.sbr
c:\users\arms\documents\github_nano_dev\nano\libaln\win32\validatedatainfo.obj
c:\users\arms\documents\github_nano_dev\nano\libaln\win32\train_ops.obj
c:\users\arms\documents\github_nano_dev\nano\libaln\win32\split_ops.obj
c:\users\arms\documents\github_nano_dev\nano\libaln\win32\shuffle.obj
c:\users\arms\documents\github_nano_dev\nano\libaln\win32\prepaln.obj
c:\users\arms\documents\github_nano_dev\nano\libaln\win32\plimit.obj
c:\users\arms\documents\github_nano_dev\nano\libaln\win32\jitter.obj
c:\users\arms\documents\github_nano_dev\nano\libaln\win32\initlfns.obj
c:\users\arms\documents\github_nano_dev\nano\libaln\win32\getvarconstraint.obj
c:\users\arms\documents\github_nano_dev\nano\libaln\win32\freecolumnbase.obj
c:\users\arms\documents\github_nano_dev\nano\libaln\win32\libalndmtd\dtree.sbr
c:\users\arms\documents\github_nano_dev\nano\libaln\win32\libalndmtd\dtr_bio.sbr
c:\users\arms\documents\github_nano_dev\nano\libaln\win32\libalndmtd\dtr_err.sbr
c:\users\arms\documents\github_nano_dev\nano\libaln\win32\libalndmtd\dtr_io.sbr
c:\users\arms\documents\github_nano_dev\nano\libaln\win32\libalndmtd\dtr_mem.sbr
c:\users\arms\documents\github_nano_dev\nano\libaln\win32\dtr_mem.obj
c:\users\arms\documents\github_nano_dev\nano\libaln\win32\dtr_io.obj
c:\users\arms\documents\github_nano_dev\nano\libaln\win32\dtr_err.obj
c:\users\arms\documents\github_nano_dev\nano\libaln\win32\dtr_bio.obj
c:\users\arms\documents\github_nano_dev\nano\libaln\win32\dtree.obj
c:\users\arms\documents\github_nano_dev\nano\libaln\win32\lib\libalndmtd.lib
c:\users\arms\documents\github_nano_dev\nano\libaln\x64\libalndmtd\libaln.pdb
c:\users\arms\documents\github_nano_dev\nano\libaln\x64\libalndmtd\libaln.bsc
c:\users\arms\documents\github_nano_dev\nano\libaln\x64\libalndmtd\adapteval.sbr
c:\users\arms\documents\github_nano_dev\nano\libaln\x64\libalndmtd\adaptevallfn.sbr
c:\users\arms\documents\github_nano_dev\nano\libaln\x64\libalndmtd\adaptevalminmax.sbr
c:\users\arms\documents\github_nano_dev\nano\libaln\x64\libalndmtd\adaptlfn.sbr
c:\users\arms\documents\github_nano_dev\nano\libaln\x64\libalndmtd\adaptminmax.sbr
c:\users\arms\documents\github_nano_dev\nano\libaln\x64\libalndmtd\alloccolumnbase.sbr
c:\users\arms\documents\github_nano_dev\nano\libaln\x64\libalndmtd\alnabort.sbr
c:\users\arms\documents\github_nano_dev\nano\libaln\x64\libalndmtd\alnaddtreestring.sbr
c:\users\arms\documents\github_nano_dev\nano\libaln\x64\libalndmtd\alnasert.sbr
c:\users\arms\documents\github_nano_dev\nano\libaln\x64\libalndmtd\alncalcconfidence.sbr
c:\users\arms\documents\github_nano_dev\nano\libaln\x64\libalndmtd\alncalcrmserror.sbr
c:\users\arms\documents\github_nano_dev\nano\libaln\x64\libalndmtd\alnconfidenceplimit.sbr
c:\users\arms\documents\github_nano_dev\nano\libaln\x64\libalndmtd\alnconfidencetlimit.sbr
c:\users\arms\documents\github_nano_dev\nano\libaln\x64\libalndmtd\alnconvertdtree.sbr
c:\users\arms\documents\github_nano_dev\nano\libaln\x64\libalndmtd\alneval.sbr
c:\users\arms\documents\github_nano_dev\nano\libaln\x64\libalndmtd\alnex.sbr
c:\users\arms\documents\github_nano_dev\nano\libaln\x64\libalndmtd\alnfitdeepsetup.sbr
c:\users\arms\documents\github_nano_dev\nano\libaln\x64\libalndmtd\alninvert.sbr
c:\users\arms\documents\github_nano_dev\nano\libaln\x64\libalndmtd\alnio.sbr
c:\users\arms\documents\github_nano_dev\nano\libaln\x64\libalndmtd\alnlfnanalysis.sbr
c:\users\arms\documents\github_nano_dev\nano\libaln\x64\libalndmtd\alnmem.sbr
c:\users\arms\documents\github_nano_dev\nano\libaln\x64\libalndmtd\alnquickeval.sbr
c:\users\arms\documents\github_nano_dev\nano\libaln\x64\libalndmtd\alnrand.sbr
c:\users\arms\documents\github_nano_dev\nano\libaln\x64\libalndmtd\alntestvalid.sbr
c:\users\arms\documents\github_nano_dev\nano\libaln\x64\libalndmtd\alntrace.sbr
c:\users\arms\documents\github_nano_dev\nano\libaln\x64\libalndmtd\alntrain.sbr
c:\users\arms\documents\github_nano_dev\nano\libaln\x64\libalndmtd\alnvarmono.sbr
c:\users\arms\documents\github_nano_dev\nano\libaln\x64\libalndmtd\buildcutoffroute.sbr
c:\users\arms\documents\github_nano_dev\nano\libaln\x64\libalndmtd\builddtree.sbr
c:\users\arms\documents\github_nano_dev\nano\libaln\x64\libalndmtd\calcactivechild.sbr
c:\users\arms\documents\github_nano_dev\nano\libaln\x64\libalndmtd\calccovariance.sbr
c:\users\arms\documents\github_nano_dev\nano\libaln\x64\libalndmtd\calcdataendpoints.sbr
c:\users\arms\documents\github_nano_dev\nano\libaln\x64\libalndmtd\countlfns.sbr
c:\users\arms\documents\github_nano_dev\nano\libaln\x64\libalndmtd\cutoff.sbr
c:\users\arms\documents\github_nano_dev\nano\libaln\x64\libalndmtd\cutoffeval.sbr
c:\users\arms\documents\github_nano_dev\nano\libaln\x64\libalndmtd\cutoffevallfn.sbr
c:\users\arms\documents\github_nano_dev\nano\libaln\x64\libalndmtd\cutoffevalminmax.sbr
c:\users\arms\documents\github_nano_dev\nano\libaln\x64\libalndmtd\debugevalminmax.sbr
c:\users\arms\documents\github_nano_dev\nano\libaln\x64\libalndmtd\dtree.sbr
c:\users\arms\documents\github_nano_dev\nano\libaln\x64\libalndmtd\dtr_bio.sbr
c:\users\arms\documents\github_nano_dev\nano\libaln\x64\libalndmtd\dtr_err.sbr
c:\users\arms\documents\github_nano_dev\nano\libaln\x64\libalndmtd\dtr_io.sbr
c:\users\arms\documents\github_nano_dev\nano\libaln\x64\libalndmtd\dtr_mem.sbr
c:\users\arms\documents\github_nano_dev\nano\libaln\x64\libalndmtd\evaltree.sbr
c:\users\arms\documents\github_nano_dev\nano\libaln\x64\libalndmtd\fillinputvector.sbr
c:\users\arms\documents\github_nano_dev\nano\libaln\x64\libalndmtd\freecolumnbase.sbr
c:\users\arms\documents\github_nano_dev\nano\libaln\x64\libalndmtd\getvarconstraint.sbr
c:\users\arms\documents\github_nano_dev\nano\libaln\x64\libalndmtd\initlfns.sbr
c:\users\arms\documents\github_nano_dev\nano\libaln\x64\libalndmtd\jitter.sbr
c:\users\arms\documents\github_nano_dev\nano\libaln\x64\libalndmtd\plimit.sbr
c:\users\arms\documents\github_nano_dev\nano\libaln\x64\libalndmtd\prepaln.sbr
c:\users\arms\documents\github_nano_dev\nano\libaln\x64\libalndmtd\shuffle.sbr
c:\users\arms\documents\github_nano_dev\nano\libaln\x64\libalndmtd\split_ops.sbr
c:\users\arms\documents\github_nano_dev\nano\libaln\x64\libalndmtd\train_ops.sbr
c:\users\arms\documents\github_nano_dev\nano\libaln\x64\libalndmtd\validatedatainfo.sbr
c:\users\arms\documents\github_nano_dev\nano\libaln\x64\.\lib\libalndmtd.lib
c:\users\arms\documents\github_nano_dev\nano\libaln\x64\libalndmtd\libaln.tlog\bscmake.command.1.tlog
c:\users\arms\documents\github_nano_dev\nano\libaln\x64\libalndmtd\libaln.tlog\bscmake.read.1.tlog
c:\users\arms\documents\github_nano_dev\nano\libaln\x64\libalndmtd\libaln.tlog\bscmake.write.1.tlog
c:\users\arms\documents\github_nano_dev\nano\libaln\x64\libalndmtd\libaln.tlog\cl.command.1.tlog
c:\users\arms\documents\github_nano_dev\nano\libaln\x64\libalndmtd\libaln.tlog\cl.read.1.tlog
c:\users\arms\documents\github_nano_dev\nano\libaln\x64\libalndmtd\libaln.tlog\cl.write.1.tlog
c:\users\arms\documents\github_nano_dev\nano\libaln\x64\libalndmtd\libaln.tlog\lib-link.read.1.tlog
c:\users\arms\documents\github_nano_dev\nano\libaln\x64\libalndmtd\libaln.tlog\lib-link.write.1.tlog
c:\users\arms\documents\github_nano_dev\nano\libaln\x64\libalndmtd\libaln.tlog\lib.command.1.tlog
