c:\users\arms\documents\github_nano_dev\nano\libaln\win32\libalndmt\libaln.pdb
c:\users\arms\documents\github_nano_dev\nano\libaln\win32\libalndmt\alnmem.obj
c:\users\arms\documents\github_nano_dev\nano\libaln\win32\libalndmt\alnlfnanalysis.obj
c:\users\arms\documents\github_nano_dev\nano\libaln\win32\libalndmt\alnio.obj
c:\users\arms\documents\github_nano_dev\nano\libaln\win32\libalndmt\alninvert.obj
c:\users\arms\documents\github_nano_dev\nano\libaln\win32\libalndmt\alnfitdeepsetup.obj
c:\users\arms\documents\github_nano_dev\nano\libaln\win32\libalndmt\alnex.obj
c:\users\arms\documents\github_nano_dev\nano\libaln\win32\libalndmt\alneval.obj
c:\users\arms\documents\github_nano_dev\nano\libaln\win32\libalndmt\alnconvertdtree.obj
c:\users\arms\documents\github_nano_dev\nano\libaln\win32\libalndmt\alnconfidencetlimit.obj
c:\users\arms\documents\github_nano_dev\nano\libaln\win32\libalndmt\alnconfidenceplimit.obj
c:\users\arms\documents\github_nano_dev\nano\libaln\win32\libalndmt\alncalcrmserror.obj
c:\users\arms\documents\github_nano_dev\nano\libaln\win32\libalndmt\alncalcconfidence.obj
c:\users\arms\documents\github_nano_dev\nano\libaln\win32\libalndmt\alnasert.obj
c:\users\arms\documents\github_nano_dev\nano\libaln\win32\libalndmt\alnaddtreestring.obj
c:\users\arms\documents\github_nano_dev\nano\libaln\win32\libalndmt\alnabort.obj
c:\users\arms\documents\github_nano_dev\nano\libaln\win32\libalndmt\alloccolumnbase.obj
c:\users\arms\documents\github_nano_dev\nano\libaln\win32\libalndmt\adaptminmax.obj
c:\users\arms\documents\github_nano_dev\nano\libaln\win32\libalndmt\adaptlfn.obj
c:\users\arms\documents\github_nano_dev\nano\libaln\win32\libalndmt\adaptevallfn.obj
c:\users\arms\documents\github_nano_dev\nano\libaln\win32\libalndmt\adapteval.obj
c:\users\arms\documents\github_nano_dev\nano\libaln\win32\libalndmt\fillinputvector.obj
c:\users\arms\documents\github_nano_dev\nano\libaln\win32\libalndmt\evaltree.obj
c:\users\arms\documents\github_nano_dev\nano\libaln\win32\libalndmt\debugevalminmax.obj
c:\users\arms\documents\github_nano_dev\nano\libaln\win32\libalndmt\cutoffevalminmax.obj
c:\users\arms\documents\github_nano_dev\nano\libaln\win32\libalndmt\cutoffevallfn.obj
c:\users\arms\documents\github_nano_dev\nano\libaln\win32\libalndmt\cutoffeval.obj
c:\users\arms\documents\github_nano_dev\nano\libaln\win32\libalndmt\cutoff.obj
c:\users\arms\documents\github_nano_dev\nano\libaln\win32\libalndmt\countlfns.obj
c:\users\arms\documents\github_nano_dev\nano\libaln\win32\libalndmt\calcdataendpoints.obj
c:\users\arms\documents\github_nano_dev\nano\libaln\win32\libalndmt\calccovariance.obj
c:\users\arms\documents\github_nano_dev\nano\libaln\win32\libalndmt\calcactivechild.obj
c:\users\arms\documents\github_nano_dev\nano\libaln\win32\libalndmt\builddtree.obj
c:\users\arms\documents\github_nano_dev\nano\libaln\win32\libalndmt\buildcutoffroute.obj
c:\users\arms\documents\github_nano_dev\nano\libaln\win32\libalndmt\adaptevalminmax.obj
c:\users\arms\documents\github_nano_dev\nano\libaln\win32\libalndmt\alnvarmono.obj
c:\users\arms\documents\github_nano_dev\nano\libaln\win32\libalndmt\alntrain.obj
c:\users\arms\documents\github_nano_dev\nano\libaln\win32\libalndmt\alntrace.obj
c:\users\arms\documents\github_nano_dev\nano\libaln\win32\libalndmt\alntestvalid.obj
c:\users\arms\documents\github_nano_dev\nano\libaln\win32\libalndmt\alnrand.obj
c:\users\arms\documents\github_nano_dev\nano\libaln\win32\libalndmt\alnquickeval.obj
c:\users\arms\documents\github_nano_dev\nano\libaln\win32\libalndmt\validatedatainfo.obj
c:\users\arms\documents\github_nano_dev\nano\libaln\win32\libalndmt\train_ops.obj
c:\users\arms\documents\github_nano_dev\nano\libaln\win32\libalndmt\split_ops.obj
c:\users\arms\documents\github_nano_dev\nano\libaln\win32\libalndmt\shuffle.obj
c:\users\arms\documents\github_nano_dev\nano\libaln\win32\libalndmt\prepaln.obj
c:\users\arms\documents\github_nano_dev\nano\libaln\win32\libalndmt\plimit.obj
c:\users\arms\documents\github_nano_dev\nano\libaln\win32\libalndmt\jitter.obj
c:\users\arms\documents\github_nano_dev\nano\libaln\win32\libalndmt\initlfns.obj
c:\users\arms\documents\github_nano_dev\nano\libaln\win32\libalndmt\getvarconstraint.obj
c:\users\arms\documents\github_nano_dev\nano\libaln\win32\libalndmt\freecolumnbase.obj
c:\users\arms\documents\github_nano_dev\nano\libaln\win32\libalndmt\dtr_mem.obj
c:\users\arms\documents\github_nano_dev\nano\libaln\win32\libalndmt\dtr_io.obj
c:\users\arms\documents\github_nano_dev\nano\libaln\win32\libalndmt\dtr_err.obj
c:\users\arms\documents\github_nano_dev\nano\libaln\win32\libalndmt\dtr_bio.obj
c:\users\arms\documents\github_nano_dev\nano\libaln\win32\libalndmt\dtree.obj
c:\users\arms\documents\github_nano_dev\nano\libaln\win32\lib\libalndmt.lib
c:\users\arms\documents\github_nano_dev\nano\libaln\x64\libalndmt\adapteval.obj
c:\users\arms\documents\github_nano_dev\nano\libaln\x64\libalndmt\adaptevallfn.obj
c:\users\arms\documents\github_nano_dev\nano\libaln\x64\libalndmt\adaptevalminmax.obj
c:\users\arms\documents\github_nano_dev\nano\libaln\x64\libalndmt\adaptlfn.obj
c:\users\arms\documents\github_nano_dev\nano\libaln\x64\libalndmt\adaptminmax.obj
c:\users\arms\documents\github_nano_dev\nano\libaln\x64\libalndmt\alloccolumnbase.obj
c:\users\arms\documents\github_nano_dev\nano\libaln\x64\libalndmt\alnabort.obj
c:\users\arms\documents\github_nano_dev\nano\libaln\x64\libalndmt\alnaddtreestring.obj
c:\users\arms\documents\github_nano_dev\nano\libaln\x64\libalndmt\alnasert.obj
c:\users\arms\documents\github_nano_dev\nano\libaln\x64\libalndmt\alncalcconfidence.obj
c:\users\arms\documents\github_nano_dev\nano\libaln\x64\libalndmt\alncalcrmserror.obj
c:\users\arms\documents\github_nano_dev\nano\libaln\x64\libalndmt\alnconfidenceplimit.obj
c:\users\arms\documents\github_nano_dev\nano\libaln\x64\libalndmt\alnconfidencetlimit.obj
c:\users\arms\documents\github_nano_dev\nano\libaln\x64\libalndmt\alnconvertdtree.obj
c:\users\arms\documents\github_nano_dev\nano\libaln\x64\libalndmt\alneval.obj
c:\users\arms\documents\github_nano_dev\nano\libaln\x64\libalndmt\alnex.obj
c:\users\arms\documents\github_nano_dev\nano\libaln\x64\libalndmt\alnfitdeepsetup.obj
c:\users\arms\documents\github_nano_dev\nano\libaln\x64\libalndmt\alninvert.obj
c:\users\arms\documents\github_nano_dev\nano\libaln\x64\libalndmt\alnio.obj
c:\users\arms\documents\github_nano_dev\nano\libaln\x64\libalndmt\alnlfnanalysis.obj
c:\users\arms\documents\github_nano_dev\nano\libaln\x64\libalndmt\alnmem.obj
c:\users\arms\documents\github_nano_dev\nano\libaln\x64\libalndmt\alnquickeval.obj
c:\users\arms\documents\github_nano_dev\nano\libaln\x64\libalndmt\alnrand.obj
c:\users\arms\documents\github_nano_dev\nano\libaln\x64\libalndmt\alntestvalid.obj
c:\users\arms\documents\github_nano_dev\nano\libaln\x64\libalndmt\alntrace.obj
c:\users\arms\documents\github_nano_dev\nano\libaln\x64\libalndmt\alntrain.obj
c:\users\arms\documents\github_nano_dev\nano\libaln\x64\libalndmt\alnvarmono.obj
c:\users\arms\documents\github_nano_dev\nano\libaln\x64\libalndmt\buildcutoffroute.obj
c:\users\arms\documents\github_nano_dev\nano\libaln\x64\libalndmt\builddtree.obj
c:\users\arms\documents\github_nano_dev\nano\libaln\x64\libalndmt\calcactivechild.obj
c:\users\arms\documents\github_nano_dev\nano\libaln\x64\libalndmt\calccovariance.obj
c:\users\arms\documents\github_nano_dev\nano\libaln\x64\libalndmt\calcdataendpoints.obj
c:\users\arms\documents\github_nano_dev\nano\libaln\x64\libalndmt\countlfns.obj
c:\users\arms\documents\github_nano_dev\nano\libaln\x64\libalndmt\cutoff.obj
c:\users\arms\documents\github_nano_dev\nano\libaln\x64\libalndmt\cutoffeval.obj
c:\users\arms\documents\github_nano_dev\nano\libaln\x64\libalndmt\cutoffevallfn.obj
c:\users\arms\documents\github_nano_dev\nano\libaln\x64\libalndmt\cutoffevalminmax.obj
c:\users\arms\documents\github_nano_dev\nano\libaln\x64\libalndmt\debugevalminmax.obj
c:\users\arms\documents\github_nano_dev\nano\libaln\x64\libalndmt\dtree.obj
c:\users\arms\documents\github_nano_dev\nano\libaln\x64\libalndmt\dtr_bio.obj
c:\users\arms\documents\github_nano_dev\nano\libaln\x64\libalndmt\dtr_err.obj
c:\users\arms\documents\github_nano_dev\nano\libaln\x64\libalndmt\dtr_io.obj
c:\users\arms\documents\github_nano_dev\nano\libaln\x64\libalndmt\dtr_mem.obj
c:\users\arms\documents\github_nano_dev\nano\libaln\x64\libalndmt\evaltree.obj
c:\users\arms\documents\github_nano_dev\nano\libaln\x64\libalndmt\fillinputvector.obj
c:\users\arms\documents\github_nano_dev\nano\libaln\x64\libalndmt\freecolumnbase.obj
c:\users\arms\documents\github_nano_dev\nano\libaln\x64\libalndmt\getvarconstraint.obj
c:\users\arms\documents\github_nano_dev\nano\libaln\x64\libalndmt\initlfns.obj
c:\users\arms\documents\github_nano_dev\nano\libaln\x64\libalndmt\jitter.obj
c:\users\arms\documents\github_nano_dev\nano\libaln\x64\libalndmt\plimit.obj
c:\users\arms\documents\github_nano_dev\nano\libaln\x64\libalndmt\prepaln.obj
c:\users\arms\documents\github_nano_dev\nano\libaln\x64\libalndmt\shuffle.obj
c:\users\arms\documents\github_nano_dev\nano\libaln\x64\libalndmt\split_ops.obj
c:\users\arms\documents\github_nano_dev\nano\libaln\x64\libalndmt\train_ops.obj
c:\users\arms\documents\github_nano_dev\nano\libaln\x64\libalndmt\validatedatainfo.obj
c:\users\arms\documents\github_nano_dev\nano\libaln\x64\libalndmt\libaln.pdb
c:\users\arms\documents\github_nano_dev\nano\libaln\x64\.\lib\libalndmt.lib
c:\users\arms\documents\github_nano_dev\nano\libaln\x64\libalndmt\libaln.tlog\cl.command.1.tlog
c:\users\arms\documents\github_nano_dev\nano\libaln\x64\libalndmt\libaln.tlog\cl.read.1.tlog
c:\users\arms\documents\github_nano_dev\nano\libaln\x64\libalndmt\libaln.tlog\cl.write.1.tlog
c:\users\arms\documents\github_nano_dev\nano\libaln\x64\libalndmt\libaln.tlog\lib-link.read.1.tlog
c:\users\arms\documents\github_nano_dev\nano\libaln\x64\libalndmt\libaln.tlog\lib-link.write.1.tlog
c:\users\arms\documents\github_nano_dev\nano\libaln\x64\libalndmt\libaln.tlog\lib.command.1.tlog
